#
# There is insufficient memory for the Java Runtime Environment to continue.
# Native memory allocation (malloc) failed to allocate 2097152 bytes for AllocateHeap
# Possible reasons:
#   The system is out of physical RAM or swap space
#   The process is running with CompressedOops enabled, and the Java Heap may be blocking the growth of the native heap
# Possible solutions:
#   Reduce memory load on the system
#   Increase physical memory or swap space
#   Check if swap backing store is full
#   Decrease Java heap size (-Xmx/-Xms)
#   Decrease number of Java threads
#   Decrease Java thread stack sizes (-Xss)
#   Set larger code cache with -XX:ReservedCodeCacheSize=
#   JVM is running with Unscaled Compressed Oops mode in which the Java heap is
#     placed in the first 4GB address space. The Java Heap base address is the
#     maximum limit for the native heap growth. Please use -XX:HeapBaseMinAddress
#     to set the Java Heap base and to place the Java Heap above 4GB virtual address.
# This output file may be truncated or incomplete.
#
#  Out of Memory Error (allocation.cpp:44), pid=25316, tid=29744
#
# JRE version: OpenJDK Runtime Environment Temurin-17.0.9+9 (17.0.9+9) (build 17.0.9+9)
# Java VM: OpenJDK 64-Bit Server VM Temurin-17.0.9+9 (17.0.9+9, mixed mode, emulated-client, tiered, compressed oops, compressed class ptrs, g1 gc, windows-amd64)
# No core dump will be written. Minidumps are not enabled by default on client versions of Windows
#

---------------  S U M M A R Y ------------

Command Line: -XX:+HeapDumpOnOutOfMemoryError -Xmx1024m -Dsts.lsp.client=vscode -Dsts.log.file=/dev/null -XX:TieredStopAtLevel=1 -Xlog:jni+resolve=off -Dspring.config.location=file:c:\Users\Siva Gokul\.vscode\extensions\vmware.vscode-spring-boot-1.51.0\language-server\BOOT-INF\classes\application.properties org.springframework.ide.vscode.boot.app.BootLanguageServerBootApp

Host: 11th Gen Intel(R) Core(TM) i5-11400H @ 2.70GHz, 12 cores, 7G,  Windows 11 , 64 bit Build 22621 (10.0.22621.3085)
Time: Thu Feb  1 15:20:07 2024 India Standard Time elapsed time: 4564.815585 seconds (0d 1h 16m 4s)

---------------  T H R E A D  ---------------

Current thread (0x000001598c254490):  VMThread "VM Thread" [stack: 0x0000004f72300000,0x0000004f72400000] [id=29744]

Stack: [0x0000004f72300000,0x0000004f72400000]
Native frames: (J=compiled Java code, j=interpreted, Vv=VM code, C=native code)
V  [jvm.dll+0x67cf49]
V  [jvm.dll+0x83478a]
V  [jvm.dll+0x83624e]
V  [jvm.dll+0x8368b3]
V  [jvm.dll+0x247f1f]
V  [jvm.dll+0xa6b4b]
V  [jvm.dll+0x2f8f01]
V  [jvm.dll+0x2f4af0]
V  [jvm.dll+0x2dd0d7]
V  [jvm.dll+0x320357]
V  [jvm.dll+0x83adab]
V  [jvm.dll+0x83baf1]
V  [jvm.dll+0x83c00d]
V  [jvm.dll+0x83c3e4]
V  [jvm.dll+0x83c4b0]
V  [jvm.dll+0x7e3c3a]
V  [jvm.dll+0x67be35]
C  [ucrtbase.dll+0x29363]
C  [KERNEL32.DLL+0x1257d]
C  [ntdll.dll+0x5aa58]

VM_Operation (0x0000004f73eff030): G1CollectFull, mode: safepoint, requested by thread 0x0000015991da9630


---------------  P R O C E S S  ---------------

Threads class SMR info:
_java_thread_list=0x000001598c5ae230, length=19, elements={
0x000001598c26b370, 0x000001598c270e60, 0x000001598c3e2f20, 0x000001598c3e39f0,
0x000001598c3e62d0, 0x000001598c3e9350, 0x000001598c3e9c20, 0x000001598c3ecce0,
0x000001598c626600, 0x000001598c62af40, 0x0000015991d79f40, 0x0000015991da9630,
0x0000015991d77620, 0x00000159ff008980, 0x0000015991999480, 0x0000015991e26010,
0x0000015991e2ff10, 0x0000015991e31350, 0x0000015991e30930
}

Java Threads: ( => current thread )
  0x000001598c26b370 JavaThread "Reference Handler" daemon [_thread_blocked, id=992, stack(0x0000004f72400000,0x0000004f72500000)]
  0x000001598c270e60 JavaThread "Finalizer" daemon [_thread_blocked, id=27236, stack(0x0000004f72500000,0x0000004f72600000)]
  0x000001598c3e2f20 JavaThread "Signal Dispatcher" daemon [_thread_blocked, id=5184, stack(0x0000004f72600000,0x0000004f72700000)]
  0x000001598c3e39f0 JavaThread "Attach Listener" daemon [_thread_blocked, id=636, stack(0x0000004f72700000,0x0000004f72800000)]
  0x000001598c3e62d0 JavaThread "Service Thread" daemon [_thread_blocked, id=16468, stack(0x0000004f72800000,0x0000004f72900000)]
  0x000001598c3e9350 JavaThread "Monitor Deflation Thread" daemon [_thread_blocked, id=27368, stack(0x0000004f72900000,0x0000004f72a00000)]
  0x000001598c3e9c20 JavaThread "C1 CompilerThread0" daemon [_thread_blocked, id=11932, stack(0x0000004f72a00000,0x0000004f72b00000)]
  0x000001598c3ecce0 JavaThread "Sweeper thread" daemon [_thread_blocked, id=22696, stack(0x0000004f72b00000,0x0000004f72c00000)]
  0x000001598c626600 JavaThread "Notification Thread" daemon [_thread_blocked, id=8928, stack(0x0000004f72d00000,0x0000004f72e00000)]
  0x000001598c62af40 JavaThread "Common-Cleaner" daemon [_thread_blocked, id=10544, stack(0x0000004f72f00000,0x0000004f73000000)]
  0x0000015991d79f40 JavaThread "boundedElastic-evictor-1" daemon [_thread_blocked, id=19788, stack(0x0000004f73500000,0x0000004f73600000)]
  0x0000015991da9630 JavaThread "pool-12-thread-1" [_thread_blocked, id=33232, stack(0x0000004f73e00000,0x0000004f73f00000)]
  0x0000015991d77620 JavaThread "LanguageServerApp-lifecycle" [_thread_blocked, id=4216, stack(0x0000004f73f00000,0x0000004f74000000)]
  0x00000159ff008980 JavaThread "DestroyJavaVM" [_thread_blocked, id=8400, stack(0x0000004f71d00000,0x0000004f71e00000)]
  0x0000015991999480 JavaThread "pool-13-thread-1" [_thread_in_native, id=10432, stack(0x0000004f74000000,0x0000004f74100000)]
  0x0000015991e26010 JavaThread "Simple-Language-Server main thread" daemon [_thread_blocked, id=24984, stack(0x0000004f74100000,0x0000004f74200000)]
  0x0000015991e2ff10 JavaThread "parallel-1" daemon [_thread_blocked, id=21436, stack(0x0000004f74500000,0x0000004f74600000)]
  0x0000015991e31350 JavaThread "pool-6-thread-1" [_thread_blocked, id=33228, stack(0x0000004f74600000,0x0000004f74700000)]
  0x0000015991e30930 JavaThread "parallel-2" daemon [_thread_blocked, id=27896, stack(0x0000004f74700000,0x0000004f74800000)]

Other Threads:
=>0x000001598c254490 VMThread "VM Thread" [stack: 0x0000004f72300000,0x0000004f72400000] [id=29744]
  0x000001598c626ae0 WatcherThread [stack: 0x0000004f72e00000,0x0000004f72f00000] [id=33044]
  0x00000159ff044dc0 GCTaskThread "GC Thread#0" [stack: 0x0000004f71e00000,0x0000004f71f00000] [id=25348]
  0x0000015991238570 GCTaskThread "GC Thread#1" [stack: 0x0000004f73000000,0x0000004f73100000] [id=30396]
  0x0000015991264ea0 GCTaskThread "GC Thread#2" [stack: 0x0000004f73100000,0x0000004f73200000] [id=24636]
  0x0000015991265160 GCTaskThread "GC Thread#3" [stack: 0x0000004f73200000,0x0000004f73300000] [id=19212]
  0x0000015991465a30 GCTaskThread "GC Thread#4" [stack: 0x0000004f73300000,0x0000004f73400000] [id=8748]
  0x000001599136b600 GCTaskThread "GC Thread#5" [stack: 0x0000004f73400000,0x0000004f73500000] [id=31560]
  0x000001599163ee20 GCTaskThread "GC Thread#6" [stack: 0x0000004f73800000,0x0000004f73900000] [id=2516]
  0x000001599163f0e0 GCTaskThread "GC Thread#7" [stack: 0x0000004f73900000,0x0000004f73a00000] [id=28968]
  0x000001599163f3a0 GCTaskThread "GC Thread#8" [stack: 0x0000004f73a00000,0x0000004f73b00000] [id=27340]
  0x000001599163f660 GCTaskThread "GC Thread#9" [stack: 0x0000004f73b00000,0x0000004f73c00000] [id=8596]
  0x00000159ff04dc20 ConcurrentGCThread "G1 Main Marker" [stack: 0x0000004f71f00000,0x0000004f72000000] [id=1944]
  0x00000159ff04e550 ConcurrentGCThread "G1 Conc#0" [stack: 0x0000004f72000000,0x0000004f72100000] [id=15324]
  0x00000159916ff840 ConcurrentGCThread "G1 Conc#1" [stack: 0x0000004f73c00000,0x0000004f73d00000] [id=34740]
  0x00000159916ffb00 ConcurrentGCThread "G1 Conc#2" [stack: 0x0000004f73d00000,0x0000004f73e00000] [id=32512]
  0x000001598c0b24b0 ConcurrentGCThread "G1 Refine#0" [stack: 0x0000004f72100000,0x0000004f72200000] [id=34220]
  0x00000159ff0ad1a0 ConcurrentGCThread "G1 Service" [stack: 0x0000004f72200000,0x0000004f72300000] [id=25900]

Threads with active compile tasks:

VM state: at safepoint (normal execution)

VM Mutex/Monitor currently owned by a thread:  ([mutex/lock_event])
[0x00000159ff004740] Threads_lock - owner thread: 0x000001598c254490
[0x00000159ff005280] Heap_lock - owner thread: 0x0000015991da9630

Heap address: 0x00000000c0000000, size: 1024 MB, Compressed Oops mode: 32-bit

CDS archive(s) not mapped
Compressed class space mapped at: 0x0000000100000000-0x0000000140000000, reserved size: 1073741824
Narrow klass base: 0x0000000000000000, Narrow klass shift: 3, Narrow klass range: 0x140000000

GC Precious Log:
 CPUs: 12 total, 12 available
 Memory: 7930M
 Large Page Support: Disabled
 NUMA Support: Disabled
 Compressed Oops: Enabled (32-bit)
 Heap Region Size: 1M
 Heap Min Capacity: 8M
 Heap Initial Capacity: 124M
 Heap Max Capacity: 1G
 Pre-touch: Disabled
 Parallel Workers: 10
 Concurrent Workers: 3
 Concurrent Refinement Workers: 10
 Periodic GC: Disabled

Heap:
 garbage-first heap   total 82944K, used 27110K [0x00000000c0000000, 0x0000000100000000)
  region size 1024K, 1 young (1024K), 0 survivors (0K)
 Metaspace       used 56581K, committed 57408K, reserved 1114112K
  class space    used 6966K, committed 7296K, reserved 1048576K

Heap Regions: E=young(eden), S=young(survivor), O=old, HS=humongous(starts), HC=humongous(continues), CS=collection set, F=free, OA=open archive, CA=closed archive, TAMS=top-at-mark-start (previous, next)
|   0|0x00000000c0000000, 0x00000000c0100000, 0x00000000c0100000|100%|HS|  |TAMS 0x00000000c0100000, 0x00000000c0000000| Untracked 
|   1|0x00000000c0100000, 0x00000000c0200000, 0x00000000c0200000|100%|HC|  |TAMS 0x00000000c0200000, 0x00000000c0100000| Untracked 
|   2|0x00000000c0200000, 0x00000000c0300000, 0x00000000c0300000|100%|HC|  |TAMS 0x00000000c0300000, 0x00000000c0200000| Untracked 
|   3|0x00000000c0300000, 0x00000000c0400000, 0x00000000c0400000|100%|HC|  |TAMS 0x00000000c0400000, 0x00000000c0300000| Untracked 
|   4|0x00000000c0400000, 0x00000000c0500000, 0x00000000c0500000|100%| O|  |TAMS 0x00000000c0500000, 0x00000000c0400000| Untracked 
|   5|0x00000000c0500000, 0x00000000c0600000, 0x00000000c0600000|100%| O|  |TAMS 0x00000000c0600000, 0x00000000c0500000| Untracked 
|   6|0x00000000c0600000, 0x00000000c06ffff8, 0x00000000c0700000| 99%| O|  |TAMS 0x00000000c06ffff8, 0x00000000c0600000| Untracked 
|   7|0x00000000c0700000, 0x00000000c0800000, 0x00000000c0800000|100%| O|  |TAMS 0x00000000c0800000, 0x00000000c0700000| Untracked 
|   8|0x00000000c0800000, 0x00000000c08ffff0, 0x00000000c0900000| 99%| O|  |TAMS 0x00000000c08ffff0, 0x00000000c0800000| Untracked 
|   9|0x00000000c0900000, 0x00000000c0a00000, 0x00000000c0a00000|100%| O|  |TAMS 0x00000000c0a00000, 0x00000000c0900000| Untracked 
|  10|0x00000000c0a00000, 0x00000000c0affff8, 0x00000000c0b00000| 99%| O|  |TAMS 0x00000000c0affff8, 0x00000000c0a00000| Untracked 
|  11|0x00000000c0b00000, 0x00000000c0bfffd8, 0x00000000c0c00000| 99%| O|  |TAMS 0x00000000c0bfffd8, 0x00000000c0b00000| Untracked 
|  12|0x00000000c0c00000, 0x00000000c0d00000, 0x00000000c0d00000|100%| O|  |TAMS 0x00000000c0d00000, 0x00000000c0c00000| Untracked 
|  13|0x00000000c0d00000, 0x00000000c0e00000, 0x00000000c0e00000|100%| O|  |TAMS 0x00000000c0e00000, 0x00000000c0d00000| Untracked 
|  14|0x00000000c0e00000, 0x00000000c0effff8, 0x00000000c0f00000| 99%| O|  |TAMS 0x00000000c0effff8, 0x00000000c0e00000| Untracked 
|  15|0x00000000c0f00000, 0x00000000c0fff910, 0x00000000c1000000| 99%| O|  |TAMS 0x00000000c0fff910, 0x00000000c0f00000| Untracked 
|  16|0x00000000c1000000, 0x00000000c10ffff8, 0x00000000c1100000| 99%| O|  |TAMS 0x00000000c10ffff8, 0x00000000c1000000| Untracked 
|  17|0x00000000c1100000, 0x00000000c11ff720, 0x00000000c1200000| 99%| O|  |TAMS 0x00000000c11ff720, 0x00000000c1100000| Untracked 
|  18|0x00000000c1200000, 0x00000000c12ffcf0, 0x00000000c1300000| 99%| O|  |TAMS 0x00000000c12ffcf0, 0x00000000c1200000| Untracked 
|  19|0x00000000c1300000, 0x00000000c1400000, 0x00000000c1400000|100%| O|  |TAMS 0x00000000c1400000, 0x00000000c1300000| Untracked 
|  20|0x00000000c1400000, 0x00000000c14fffa0, 0x00000000c1500000| 99%| O|  |TAMS 0x00000000c14fffa0, 0x00000000c1400000| Untracked 
|  21|0x00000000c1500000, 0x00000000c15ffcd8, 0x00000000c1600000| 99%| O|  |TAMS 0x00000000c15ffcd8, 0x00000000c1500000| Untracked 
|  22|0x00000000c1600000, 0x00000000c16ffff0, 0x00000000c1700000| 99%| O|  |TAMS 0x00000000c16ffff0, 0x00000000c1600000| Untracked 
|  23|0x00000000c1700000, 0x00000000c17fffd0, 0x00000000c1800000| 99%| O|  |TAMS 0x00000000c17fffd0, 0x00000000c1700000| Untracked 
|  24|0x00000000c1800000, 0x00000000c18fffd8, 0x00000000c1900000| 99%| O|  |TAMS 0x00000000c18fffd8, 0x00000000c1800000| Untracked 
|  25|0x00000000c1900000, 0x00000000c1a00000, 0x00000000c1a00000|100%| O|  |TAMS 0x00000000c1a00000, 0x00000000c1900000| Untracked 
|  26|0x00000000c1a00000, 0x00000000c1a7ad00, 0x00000000c1b00000| 47%| O|  |TAMS 0x00000000c1a00000, 0x00000000c1a00000| Untracked 
|  27|0x00000000c1b00000, 0x00000000c1b00430, 0x00000000c1c00000|  0%| O|  |TAMS 0x00000000c1b00000, 0x00000000c1b00000| Untracked 
|  28|0x00000000c1c00000, 0x00000000c1c00000, 0x00000000c1d00000|  0%| F|  |TAMS 0x00000000c1c00000, 0x00000000c1c00000| Untracked 
|  29|0x00000000c1d00000, 0x00000000c1d00000, 0x00000000c1e00000|  0%| F|  |TAMS 0x00000000c1d00000, 0x00000000c1d00000| Untracked 
|  30|0x00000000c1e00000, 0x00000000c1e00000, 0x00000000c1f00000|  0%| F|  |TAMS 0x00000000c1e00000, 0x00000000c1e00000| Untracked 
|  31|0x00000000c1f00000, 0x00000000c1f00000, 0x00000000c2000000|  0%| F|  |TAMS 0x00000000c1f00000, 0x00000000c1f00000| Untracked 
|  32|0x00000000c2000000, 0x00000000c2000000, 0x00000000c2100000|  0%| F|  |TAMS 0x00000000c2000000, 0x00000000c2000000| Untracked 
|  33|0x00000000c2100000, 0x00000000c2100000, 0x00000000c2200000|  0%| F|  |TAMS 0x00000000c2100000, 0x00000000c2100000| Untracked 
|  34|0x00000000c2200000, 0x00000000c2200000, 0x00000000c2300000|  0%| F|  |TAMS 0x00000000c2200000, 0x00000000c2200000| Untracked 
|  35|0x00000000c2300000, 0x00000000c2300000, 0x00000000c2400000|  0%| F|  |TAMS 0x00000000c2300000, 0x00000000c2300000| Untracked 
|  36|0x00000000c2400000, 0x00000000c2400000, 0x00000000c2500000|  0%| F|  |TAMS 0x00000000c2400000, 0x00000000c2400000| Untracked 
|  37|0x00000000c2500000, 0x00000000c2500000, 0x00000000c2600000|  0%| F|  |TAMS 0x00000000c2500000, 0x00000000c2500000| Untracked 
|  38|0x00000000c2600000, 0x00000000c2600000, 0x00000000c2700000|  0%| F|  |TAMS 0x00000000c2600000, 0x00000000c2600000| Untracked 
|  39|0x00000000c2700000, 0x00000000c2700000, 0x00000000c2800000|  0%| F|  |TAMS 0x00000000c2700000, 0x00000000c2700000| Untracked 
|  40|0x00000000c2800000, 0x00000000c2800000, 0x00000000c2900000|  0%| F|  |TAMS 0x00000000c2800000, 0x00000000c2800000| Untracked 
|  41|0x00000000c2900000, 0x00000000c2900000, 0x00000000c2a00000|  0%| F|  |TAMS 0x00000000c2900000, 0x00000000c2900000| Untracked 
|  42|0x00000000c2a00000, 0x00000000c2a00000, 0x00000000c2b00000|  0%| F|  |TAMS 0x00000000c2a00000, 0x00000000c2a00000| Untracked 
|  43|0x00000000c2b00000, 0x00000000c2b00000, 0x00000000c2c00000|  0%| F|  |TAMS 0x00000000c2b00000, 0x00000000c2b00000| Untracked 
|  44|0x00000000c2c00000, 0x00000000c2c00000, 0x00000000c2d00000|  0%| F|  |TAMS 0x00000000c2c00000, 0x00000000c2c00000| Untracked 
|  45|0x00000000c2d00000, 0x00000000c2d00000, 0x00000000c2e00000|  0%| F|  |TAMS 0x00000000c2d00000, 0x00000000c2d00000| Untracked 
|  46|0x00000000c2e00000, 0x00000000c2e00000, 0x00000000c2f00000|  0%| F|  |TAMS 0x00000000c2e00000, 0x00000000c2e00000| Untracked 
|  47|0x00000000c2f00000, 0x00000000c2f00000, 0x00000000c3000000|  0%| F|  |TAMS 0x00000000c2f00000, 0x00000000c2f00000| Untracked 
|  48|0x00000000c3000000, 0x00000000c3000000, 0x00000000c3100000|  0%| F|  |TAMS 0x00000000c3000000, 0x00000000c3000000| Untracked 
|  49|0x00000000c3100000, 0x00000000c3100000, 0x00000000c3200000|  0%| F|  |TAMS 0x00000000c3100000, 0x00000000c3100000| Untracked 
|  50|0x00000000c3200000, 0x00000000c3200000, 0x00000000c3300000|  0%| F|  |TAMS 0x00000000c3200000, 0x00000000c3200000| Untracked 
|  51|0x00000000c3300000, 0x00000000c3300000, 0x00000000c3400000|  0%| F|  |TAMS 0x00000000c3300000, 0x00000000c3300000| Untracked 
|  52|0x00000000c3400000, 0x00000000c3400000, 0x00000000c3500000|  0%| F|  |TAMS 0x00000000c3400000, 0x00000000c3400000| Untracked 
|  53|0x00000000c3500000, 0x00000000c3500000, 0x00000000c3600000|  0%| F|  |TAMS 0x00000000c3500000, 0x00000000c3500000| Untracked 
|  54|0x00000000c3600000, 0x00000000c3600000, 0x00000000c3700000|  0%| F|  |TAMS 0x00000000c3600000, 0x00000000c3600000| Untracked 
|  55|0x00000000c3700000, 0x00000000c3700000, 0x00000000c3800000|  0%| F|  |TAMS 0x00000000c3700000, 0x00000000c3700000| Untracked 
|  56|0x00000000c3800000, 0x00000000c3800000, 0x00000000c3900000|  0%| F|  |TAMS 0x00000000c3800000, 0x00000000c3800000| Untracked 
|  57|0x00000000c3900000, 0x00000000c3900000, 0x00000000c3a00000|  0%| F|  |TAMS 0x00000000c3900000, 0x00000000c3900000| Untracked 
|  58|0x00000000c3a00000, 0x00000000c3a00000, 0x00000000c3b00000|  0%| F|  |TAMS 0x00000000c3a00000, 0x00000000c3a00000| Untracked 
|  59|0x00000000c3b00000, 0x00000000c3b00000, 0x00000000c3c00000|  0%| F|  |TAMS 0x00000000c3b00000, 0x00000000c3b00000| Untracked 
|  60|0x00000000c3c00000, 0x00000000c3c00000, 0x00000000c3d00000|  0%| F|  |TAMS 0x00000000c3c00000, 0x00000000c3c00000| Untracked 
|  61|0x00000000c3d00000, 0x00000000c3d00000, 0x00000000c3e00000|  0%| F|  |TAMS 0x00000000c3d00000, 0x00000000c3d00000| Untracked 
|  62|0x00000000c3e00000, 0x00000000c3e00000, 0x00000000c3f00000|  0%| F|  |TAMS 0x00000000c3e00000, 0x00000000c3e00000| Untracked 
|  63|0x00000000c3f00000, 0x00000000c3f00000, 0x00000000c4000000|  0%| F|  |TAMS 0x00000000c3f00000, 0x00000000c3f00000| Untracked 
|  64|0x00000000c4000000, 0x00000000c4000000, 0x00000000c4100000|  0%| F|  |TAMS 0x00000000c4000000, 0x00000000c4000000| Untracked 
|  65|0x00000000c4100000, 0x00000000c4100000, 0x00000000c4200000|  0%| F|  |TAMS 0x00000000c4100000, 0x00000000c4100000| Untracked 
|  66|0x00000000c4200000, 0x00000000c4200000, 0x00000000c4300000|  0%| F|  |TAMS 0x00000000c4200000, 0x00000000c4200000| Untracked 
|  67|0x00000000c4300000, 0x00000000c4300000, 0x00000000c4400000|  0%| F|  |TAMS 0x00000000c4300000, 0x00000000c4300000| Untracked 
|  68|0x00000000c4400000, 0x00000000c4400000, 0x00000000c4500000|  0%| F|  |TAMS 0x00000000c4400000, 0x00000000c4400000| Untracked 
|  69|0x00000000c4500000, 0x00000000c4500000, 0x00000000c4600000|  0%| F|  |TAMS 0x00000000c4500000, 0x00000000c4500000| Untracked 
|  70|0x00000000c4600000, 0x00000000c4600000, 0x00000000c4700000|  0%| F|  |TAMS 0x00000000c4600000, 0x00000000c4600000| Untracked 
|  71|0x00000000c4700000, 0x00000000c4700000, 0x00000000c4800000|  0%| F|  |TAMS 0x00000000c4700000, 0x00000000c4700000| Untracked 
|  72|0x00000000c4800000, 0x00000000c4800000, 0x00000000c4900000|  0%| F|  |TAMS 0x00000000c4800000, 0x00000000c4800000| Untracked 
|  73|0x00000000c4900000, 0x00000000c4900000, 0x00000000c4a00000|  0%| F|  |TAMS 0x00000000c4900000, 0x00000000c4900000| Untracked 
|  74|0x00000000c4a00000, 0x00000000c4a00000, 0x00000000c4b00000|  0%| F|  |TAMS 0x00000000c4a00000, 0x00000000c4a00000| Untracked 
|  86|0x00000000c5600000, 0x00000000c5600000, 0x00000000c5700000|  0%| F|  |TAMS 0x00000000c5600000, 0x00000000c5600000| Untracked 
|  87|0x00000000c5700000, 0x00000000c5700000, 0x00000000c5800000|  0%| F|  |TAMS 0x00000000c5700000, 0x00000000c5700000| Untracked 
|  88|0x00000000c5800000, 0x00000000c5800000, 0x00000000c5900000|  0%| F|  |TAMS 0x00000000c5800000, 0x00000000c5800000| Untracked 
|  89|0x00000000c5900000, 0x00000000c5900000, 0x00000000c5a00000|  0%| F|  |TAMS 0x00000000c5900000, 0x00000000c5900000| Untracked 
|  90|0x00000000c5a00000, 0x00000000c5a00000, 0x00000000c5b00000|  0%| F|  |TAMS 0x00000000c5a00000, 0x00000000c5a00000| Untracked 
| 123|0x00000000c7b00000, 0x00000000c7b31298, 0x00000000c7c00000| 19%| E|  |TAMS 0x00000000c7b00000, 0x00000000c7b00000| Complete 

Card table byte_map: [0x00000159871f0000,0x00000159873f0000] _byte_map_base: 0x0000015986bf0000

Marking Bits (Prev, Next): (CMBitMap*) 0x00000159ff0452f0, (CMBitMap*) 0x00000159ff045330
 Prev Bits: [0x00000159875f0000, 0x00000159885f0000)
 Next Bits: [0x00000159885f0000, 0x00000159895f0000)

Polling page: 0x00000159ff0b0000

Metaspace:

Usage:
  Non-class:     48.45 MB used.
      Class:      6.80 MB used.
       Both:     55.26 MB used.

Virtual space:
  Non-class space:       64.00 MB reserved,      48.94 MB ( 76%) committed,  1 nodes.
      Class space:        1.00 GB reserved,       7.12 MB ( <1%) committed,  1 nodes.
             Both:        1.06 GB reserved,      56.06 MB (  5%) committed. 

Chunk freelists:
   Non-Class:  14.85 MB
       Class:  8.96 MB
        Both:  23.81 MB

MaxMetaspaceSize: unlimited
CompressedClassSpaceSize: 1.00 GB
Initial GC threshold: 21.00 MB
Current GC threshold: 93.25 MB
CDS: off
MetaspaceReclaimPolicy: balanced
 - commit_granule_bytes: 65536.
 - commit_granule_words: 8192.
 - virtual_space_node_default_size: 8388608.
 - enlarge_chunks_in_place: 1.
 - new_chunks_are_fully_committed: 0.
 - uncommit_free_chunks: 1.
 - use_allocation_guard: 0.
 - handle_deallocations: 1.


Internal statistics:

num_allocs_failed_limit: 6.
num_arena_births: 606.
num_arena_deaths: 214.
num_vsnodes_births: 2.
num_vsnodes_deaths: 0.
num_space_committed: 897.
num_space_uncommitted: 0.
num_chunks_returned_to_freelist: 246.
num_chunks_taken_from_freelist: 2320.
num_chunk_merges: 82.
num_chunk_splits: 1656.
num_chunks_enlarged: 1281.
num_inconsistent_stats: 0.

CodeCache: size=49152Kb used=9245Kb max_used=10673Kb free=39906Kb
 bounds [0x0000015983ff0000, 0x0000015984a60000, 0x0000015986ff0000]
 total_blobs=5735 nmethods=5079 adapters=583
 compilation: enabled
              stopped_count=0, restarted_count=0
 full_count=0

Compilation events (20 events):
Event: 2659.437 Thread 0x000001598c3e9c20 5065   !   1       java.lang.ProcessImpl::<init> (327 bytes)
Event: 2659.456 Thread 0x000001598c3e9c20 nmethod 5065 0x000001598415bb90 code [0x000001598415bfe0, 0x000001598415d398]
Event: 2659.456 Thread 0x000001598c3e9c20 5066       1       java.lang.Process::<init> (5 bytes)
Event: 2659.456 Thread 0x000001598c3e9c20 nmethod 5066 0x000001598415b890 code [0x000001598415ba20, 0x000001598415bad8]
Event: 2659.456 Thread 0x000001598c3e9c20 5068       1       java.lang.invoke.Invokers$Holder::linkToTargetMethod (9 bytes)
Event: 2659.457 Thread 0x000001598c3e9c20 nmethod 5068 0x000001598415b510 code [0x000001598415b6c0, 0x000001598415b7d8]
Event: 2659.457 Thread 0x000001598c3e9c20 5069       1       java.lang.invoke.LambdaForm$DMH/0x0000000100721800::newInvokeSpecial (23 bytes)
Event: 2659.457 Thread 0x000001598c3e9c20 nmethod 5069 0x000001598415b090 code [0x000001598415b240, 0x000001598415b3c8]
Event: 2659.700 Thread 0x000001598c3e9c20 5070   !   1       java.io.FilterOutputStream::close (183 bytes)
Event: 2659.737 Thread 0x000001598c3e9c20 nmethod 5070 0x0000015984159f10 code [0x000001598415a120, 0x000001598415a5f8]
Event: 2659.737 Thread 0x000001598c3e9c20 5072       1       java.lang.ProcessImpl$$Lambda$930/0x000000010069dfd8::run (8 bytes)
Event: 2659.737 Thread 0x000001598c3e9c20 nmethod 5072 0x0000015984159c10 code [0x0000015984159da0, 0x0000015984159e88]
Event: 2659.737 Thread 0x000001598c3e9c20 5073       1       java.lang.ProcessImpl::lambda$new$0 (6 bytes)
Event: 2659.737 Thread 0x000001598c3e9c20 nmethod 5073 0x0000015984159910 code [0x0000015984159aa0, 0x0000015984159b68]
Event: 3977.030 Thread 0x000001598c3e9c20 5076       1       java.lang.ProcessImpl$2::run (242 bytes)
Event: 3977.037 Thread 0x000001598c3e9c20 nmethod 5076 0x0000015984157a90 code [0x0000015984157d40, 0x0000015984158ad8]
Event: 3977.037 Thread 0x000001598c3e9c20 5077       1       java.io.BufferedOutputStream::<init> (9 bytes)
Event: 3977.037 Thread 0x000001598c3e9c20 nmethod 5077 0x0000015984157510 code [0x00000159841576a0, 0x0000015984157978]
Event: 3977.037 Thread 0x000001598c3e9c20 5078       1       java.lang.ProcessImpl::waitFor (136 bytes)
Event: 3977.040 Thread 0x000001598c3e9c20 nmethod 5078 0x0000015984156c90 code [0x0000015984156ea0, 0x00000159841572b8]

GC Heap History (20 events):
Event: 4461.417 GC heap before
{Heap before GC invocations=443 (full 430):
 garbage-first heap   total 82944K, used 27110K [0x00000000c0000000, 0x0000000100000000)
  region size 1024K, 1 young (1024K), 0 survivors (0K)
 Metaspace       used 56581K, committed 57408K, reserved 1114112K
  class space    used 6966K, committed 7296K, reserved 1048576K
}
Event: 4461.452 GC heap after
{Heap after GC invocations=444 (full 431):
 garbage-first heap   total 82944K, used 27110K [0x00000000c0000000, 0x0000000100000000)
  region size 1024K, 0 young (0K), 0 survivors (0K)
 Metaspace       used 56581K, committed 57408K, reserved 1114112K
  class space    used 6966K, committed 7296K, reserved 1048576K
}
Event: 4471.718 GC heap before
{Heap before GC invocations=444 (full 431):
 garbage-first heap   total 82944K, used 27110K [0x00000000c0000000, 0x0000000100000000)
  region size 1024K, 1 young (1024K), 0 survivors (0K)
 Metaspace       used 56581K, committed 57408K, reserved 1114112K
  class space    used 6966K, committed 7296K, reserved 1048576K
}
Event: 4471.746 GC heap after
{Heap after GC invocations=445 (full 432):
 garbage-first heap   total 82944K, used 27110K [0x00000000c0000000, 0x0000000100000000)
  region size 1024K, 0 young (0K), 0 survivors (0K)
 Metaspace       used 56581K, committed 57408K, reserved 1114112K
  class space    used 6966K, committed 7296K, reserved 1048576K
}
Event: 4481.991 GC heap before
{Heap before GC invocations=445 (full 432):
 garbage-first heap   total 82944K, used 27110K [0x00000000c0000000, 0x0000000100000000)
  region size 1024K, 1 young (1024K), 0 survivors (0K)
 Metaspace       used 56581K, committed 57408K, reserved 1114112K
  class space    used 6966K, committed 7296K, reserved 1048576K
}
Event: 4482.020 GC heap after
{Heap after GC invocations=446 (full 433):
 garbage-first heap   total 82944K, used 27110K [0x00000000c0000000, 0x0000000100000000)
  region size 1024K, 0 young (0K), 0 survivors (0K)
 Metaspace       used 56581K, committed 57408K, reserved 1114112K
  class space    used 6966K, committed 7296K, reserved 1048576K
}
Event: 4492.298 GC heap before
{Heap before GC invocations=446 (full 433):
 garbage-first heap   total 82944K, used 27110K [0x00000000c0000000, 0x0000000100000000)
  region size 1024K, 1 young (1024K), 0 survivors (0K)
 Metaspace       used 56581K, committed 57408K, reserved 1114112K
  class space    used 6966K, committed 7296K, reserved 1048576K
}
Event: 4492.334 GC heap after
{Heap after GC invocations=447 (full 434):
 garbage-first heap   total 82944K, used 27110K [0x00000000c0000000, 0x0000000100000000)
  region size 1024K, 0 young (0K), 0 survivors (0K)
 Metaspace       used 56581K, committed 57408K, reserved 1114112K
  class space    used 6966K, committed 7296K, reserved 1048576K
}
Event: 4502.622 GC heap before
{Heap before GC invocations=447 (full 434):
 garbage-first heap   total 82944K, used 27110K [0x00000000c0000000, 0x0000000100000000)
  region size 1024K, 1 young (1024K), 0 survivors (0K)
 Metaspace       used 56581K, committed 57408K, reserved 1114112K
  class space    used 6966K, committed 7296K, reserved 1048576K
}
Event: 4502.657 GC heap after
{Heap after GC invocations=448 (full 435):
 garbage-first heap   total 82944K, used 27110K [0x00000000c0000000, 0x0000000100000000)
  region size 1024K, 0 young (0K), 0 survivors (0K)
 Metaspace       used 56581K, committed 57408K, reserved 1114112K
  class space    used 6966K, committed 7296K, reserved 1048576K
}
Event: 4513.143 GC heap before
{Heap before GC invocations=448 (full 435):
 garbage-first heap   total 82944K, used 27110K [0x00000000c0000000, 0x0000000100000000)
  region size 1024K, 1 young (1024K), 0 survivors (0K)
 Metaspace       used 56581K, committed 57408K, reserved 1114112K
  class space    used 6966K, committed 7296K, reserved 1048576K
}
Event: 4513.194 GC heap after
{Heap after GC invocations=449 (full 436):
 garbage-first heap   total 82944K, used 27110K [0x00000000c0000000, 0x0000000100000000)
  region size 1024K, 0 young (0K), 0 survivors (0K)
 Metaspace       used 56581K, committed 57408K, reserved 1114112K
  class space    used 6966K, committed 7296K, reserved 1048576K
}
Event: 4523.513 GC heap before
{Heap before GC invocations=449 (full 436):
 garbage-first heap   total 82944K, used 27110K [0x00000000c0000000, 0x0000000100000000)
  region size 1024K, 1 young (1024K), 0 survivors (0K)
 Metaspace       used 56581K, committed 57408K, reserved 1114112K
  class space    used 6966K, committed 7296K, reserved 1048576K
}
Event: 4523.547 GC heap after
{Heap after GC invocations=450 (full 437):
 garbage-first heap   total 82944K, used 27110K [0x00000000c0000000, 0x0000000100000000)
  region size 1024K, 0 young (0K), 0 survivors (0K)
 Metaspace       used 56581K, committed 57408K, reserved 1114112K
  class space    used 6966K, committed 7296K, reserved 1048576K
}
Event: 4533.975 GC heap before
{Heap before GC invocations=450 (full 437):
 garbage-first heap   total 82944K, used 27110K [0x00000000c0000000, 0x0000000100000000)
  region size 1024K, 1 young (1024K), 0 survivors (0K)
 Metaspace       used 56581K, committed 57408K, reserved 1114112K
  class space    used 6966K, committed 7296K, reserved 1048576K
}
Event: 4534.014 GC heap after
{Heap after GC invocations=451 (full 438):
 garbage-first heap   total 82944K, used 27110K [0x00000000c0000000, 0x0000000100000000)
  region size 1024K, 0 young (0K), 0 survivors (0K)
 Metaspace       used 56581K, committed 57408K, reserved 1114112K
  class space    used 6966K, committed 7296K, reserved 1048576K
}
Event: 4544.314 GC heap before
{Heap before GC invocations=451 (full 438):
 garbage-first heap   total 82944K, used 27110K [0x00000000c0000000, 0x0000000100000000)
  region size 1024K, 1 young (1024K), 0 survivors (0K)
 Metaspace       used 56581K, committed 57408K, reserved 1114112K
  class space    used 6966K, committed 7296K, reserved 1048576K
}
Event: 4544.348 GC heap after
{Heap after GC invocations=452 (full 439):
 garbage-first heap   total 82944K, used 27110K [0x00000000c0000000, 0x0000000100000000)
  region size 1024K, 0 young (0K), 0 survivors (0K)
 Metaspace       used 56581K, committed 57408K, reserved 1114112K
  class space    used 6966K, committed 7296K, reserved 1048576K
}
Event: 4554.651 GC heap before
{Heap before GC invocations=452 (full 439):
 garbage-first heap   total 82944K, used 27110K [0x00000000c0000000, 0x0000000100000000)
  region size 1024K, 1 young (1024K), 0 survivors (0K)
 Metaspace       used 56581K, committed 57408K, reserved 1114112K
  class space    used 6966K, committed 7296K, reserved 1048576K
}
Event: 4554.685 GC heap after
{Heap after GC invocations=453 (full 440):
 garbage-first heap   total 82944K, used 27110K [0x00000000c0000000, 0x0000000100000000)
  region size 1024K, 0 young (0K), 0 survivors (0K)
 Metaspace       used 56581K, committed 57408K, reserved 1114112K
  class space    used 6966K, committed 7296K, reserved 1048576K
}

Dll operation events (9 events):
Event: 0.028 Loaded shared library c:\Users\Siva Gokul\.vscode\extensions\redhat.java-1.26.0-win32-x64\jre\17.0.9-win32-x86_64\bin\java.dll
Event: 0.473 Loaded shared library C:\Users\Siva Gokul\.vscode\extensions\redhat.java-1.26.0-win32-x64\jre\17.0.9-win32-x86_64\bin\net.dll
Event: 0.479 Loaded shared library C:\Users\Siva Gokul\.vscode\extensions\redhat.java-1.26.0-win32-x64\jre\17.0.9-win32-x86_64\bin\nio.dll
Event: 0.498 Loaded shared library C:\Users\Siva Gokul\.vscode\extensions\redhat.java-1.26.0-win32-x64\jre\17.0.9-win32-x86_64\bin\zip.dll
Event: 0.926 Loaded shared library C:\Users\Siva Gokul\.vscode\extensions\redhat.java-1.26.0-win32-x64\jre\17.0.9-win32-x86_64\bin\jimage.dll
Event: 3.492 Loaded shared library c:\Users\Siva Gokul\.vscode\extensions\redhat.java-1.26.0-win32-x64\jre\17.0.9-win32-x86_64\bin\verify.dll
Event: 3.942 Loaded shared library C:\Users\Siva Gokul\.vscode\extensions\redhat.java-1.26.0-win32-x64\jre\17.0.9-win32-x86_64\bin\management.dll
Event: 3.946 Loaded shared library C:\Users\Siva Gokul\.vscode\extensions\redhat.java-1.26.0-win32-x64\jre\17.0.9-win32-x86_64\bin\management_ext.dll
Event: 5.076 Loaded shared library C:\Users\Siva Gokul\.vscode\extensions\redhat.java-1.26.0-win32-x64\jre\17.0.9-win32-x86_64\bin\sunmscapi.dll

Deoptimization events (14 events):
Event: 2.552 Thread 0x00000159ff008980 DEOPT PACKING pc=0x00000159845ff999 sp=0x0000004f71dfd1d0
Event: 2.552 Thread 0x00000159ff008980 DEOPT UNPACKING pc=0x000001598404ace3 sp=0x0000004f71dfc6b0 mode 3
Event: 2.876 Thread 0x00000159ff008980 DEOPT PACKING pc=0x0000015984680955 sp=0x0000004f71dfd360
Event: 2.876 Thread 0x00000159ff008980 DEOPT UNPACKING pc=0x000001598404ace3 sp=0x0000004f71dfc808 mode 3
Event: 4.197 Thread 0x0000015991e26010 DEOPT PACKING pc=0x0000015984812bb5 sp=0x0000004f741fe290
Event: 4.197 Thread 0x0000015991e26010 DEOPT UNPACKING pc=0x000001598404ace3 sp=0x0000004f741fd7a8 mode 3
Event: 4.354 Thread 0x0000015991999480 DEOPT PACKING pc=0x00000159845a7281 sp=0x0000004f740fdd50
Event: 4.354 Thread 0x0000015991999480 DEOPT UNPACKING pc=0x000001598404ace3 sp=0x0000004f740fd1e0 mode 3
Event: 4.383 Thread 0x0000015991e31350 DEOPT PACKING pc=0x0000015984584897 sp=0x0000004f746ff300
Event: 4.383 Thread 0x0000015991e31350 DEOPT UNPACKING pc=0x000001598404ace3 sp=0x0000004f746fe758 mode 3
Event: 4.715 Thread 0x0000015991e31350 DEOPT PACKING pc=0x00000159845e90fd sp=0x0000004f746fdf80
Event: 4.715 Thread 0x0000015991e31350 DEOPT UNPACKING pc=0x000001598404ace3 sp=0x0000004f746fd4e8 mode 3
Event: 5.157 Thread 0x0000015991e30e40 DEOPT PACKING pc=0x00000159841de18c sp=0x0000004f749fa810
Event: 5.157 Thread 0x0000015991e30e40 DEOPT UNPACKING pc=0x000001598404ace3 sp=0x0000004f749f9cd8 mode 0

Classes unloaded (20 events):
Event: 75.074 Thread 0x000001598c254490 Unloading class 0x000000010071d800 'jdk/internal/reflect/GeneratedConstructorAccessor27'
Event: 75.074 Thread 0x000001598c254490 Unloading class 0x000000010071d400 'jdk/internal/reflect/GeneratedMethodAccessor7'
Event: 75.074 Thread 0x000001598c254490 Unloading class 0x000000010071d000 'jdk/internal/reflect/GeneratedMethodAccessor6'
Event: 75.074 Thread 0x000001598c254490 Unloading class 0x000000010071cc00 'jdk/internal/reflect/GeneratedMethodAccessor5'
Event: 75.074 Thread 0x000001598c254490 Unloading class 0x000000010071c800 'jdk/internal/reflect/GeneratedMethodAccessor4'
Event: 75.074 Thread 0x000001598c254490 Unloading class 0x000000010071c400 'jdk/internal/reflect/GeneratedConstructorAccessor26'
Event: 75.074 Thread 0x000001598c254490 Unloading class 0x000000010071c000 'jdk/internal/reflect/GeneratedConstructorAccessor25'
Event: 75.074 Thread 0x000001598c254490 Unloading class 0x0000000100521800 'java/lang/invoke/LambdaForm$MH+0x0000000100521800'
Event: 75.074 Thread 0x000001598c254490 Unloading class 0x0000000100521000 'java/lang/invoke/LambdaForm$MH+0x0000000100521000'
Event: 75.074 Thread 0x000001598c254490 Unloading class 0x0000000100520c00 'java/lang/invoke/LambdaForm$MH+0x0000000100520c00'
Event: 75.074 Thread 0x000001598c254490 Unloading class 0x0000000100520800 'java/lang/invoke/LambdaForm$MH+0x0000000100520800'
Event: 75.074 Thread 0x000001598c254490 Unloading class 0x0000000100520400 'java/lang/invoke/LambdaForm$MH+0x0000000100520400'
Event: 75.074 Thread 0x000001598c254490 Unloading class 0x0000000100520000 'java/lang/invoke/LambdaForm$MH+0x0000000100520000'
Event: 75.074 Thread 0x000001598c254490 Unloading class 0x000000010008e800 'java/lang/invoke/LambdaForm$MH+0x000000010008e800'
Event: 75.074 Thread 0x000001598c254490 Unloading class 0x000000010008e400 'java/lang/invoke/LambdaForm$MH+0x000000010008e400'
Event: 75.074 Thread 0x000001598c254490 Unloading class 0x000000010008e000 'java/lang/invoke/LambdaForm$MH+0x000000010008e000'
Event: 75.074 Thread 0x000001598c254490 Unloading class 0x000000010008dc00 'java/lang/invoke/LambdaForm$MH+0x000000010008dc00'
Event: 75.074 Thread 0x000001598c254490 Unloading class 0x000000010008d800 'java/lang/invoke/LambdaForm$MH+0x000000010008d800'
Event: 75.074 Thread 0x000001598c254490 Unloading class 0x000000010008d400 'java/lang/invoke/LambdaForm$MH+0x000000010008d400'
Event: 75.074 Thread 0x000001598c254490 Unloading class 0x000000010008bc00 'java/lang/invoke/LambdaForm$MH+0x000000010008bc00'

Classes redefined (0 events):
No events

Internal exceptions (20 events):
Event: 5.237 Thread 0x0000015991e31350 Exception <a 'java/lang/IncompatibleClassChangeError'{0x00000000c412f860}: Found class java.lang.Object, but interface was expected> (0x00000000c412f860) 
thrown [s\src\hotspot\share\interpreter\linkResolver.cpp, line 826]
Event: 5.301 Thread 0x0000015991e31350 Exception <a 'java/lang/NoSuchMethodError'{0x00000000c57351a0}: 'int java.lang.invoke.DirectMethodHandle$Holder.invokeSpecialIFC(java.lang.Object, java.lang.Object, java.lang.Object)'> (0x00000000c57351a0) 
thrown [s\src\hotspot\share\interpreter\linkResolver.cpp, line 759]
Event: 5.742 Thread 0x0000015991e31350 Exception <a 'sun/nio/fs/WindowsException'{0x00000000c3a3be38}> (0x00000000c3a3be38) 
thrown [s\src\hotspot\share\prims\jni.cpp, line 516]
Event: 5.742 Thread 0x0000015991e31350 Exception <a 'sun/nio/fs/WindowsException'{0x00000000c3a3c798}> (0x00000000c3a3c798) 
thrown [s\src\hotspot\share\prims\jni.cpp, line 516]
Event: 5.742 Thread 0x0000015991e31350 Exception <a 'sun/nio/fs/WindowsException'{0x00000000c3a3d0a8}> (0x00000000c3a3d0a8) 
thrown [s\src\hotspot\share\prims\jni.cpp, line 516]
Event: 5.742 Thread 0x0000015991e31350 Exception <a 'sun/nio/fs/WindowsException'{0x00000000c3a3d9e8}> (0x00000000c3a3d9e8) 
thrown [s\src\hotspot\share\prims\jni.cpp, line 516]
Event: 5.742 Thread 0x0000015991e31350 Exception <a 'sun/nio/fs/WindowsException'{0x00000000c3a3e410}> (0x00000000c3a3e410) 
thrown [s\src\hotspot\share\prims\jni.cpp, line 516]
Event: 5.743 Thread 0x0000015991e31350 Exception <a 'sun/nio/fs/WindowsException'{0x00000000c3a3eea8}> (0x00000000c3a3eea8) 
thrown [s\src\hotspot\share\prims\jni.cpp, line 516]
Event: 5.743 Thread 0x0000015991e31350 Exception <a 'sun/nio/fs/WindowsException'{0x00000000c3a46180}> (0x00000000c3a46180) 
thrown [s\src\hotspot\share\prims\jni.cpp, line 516]
Event: 5.743 Thread 0x0000015991e31350 Exception <a 'sun/nio/fs/WindowsException'{0x00000000c3a46ac0}> (0x00000000c3a46ac0) 
thrown [s\src\hotspot\share\prims\jni.cpp, line 516]
Event: 5.743 Thread 0x0000015991e31350 Exception <a 'sun/nio/fs/WindowsException'{0x00000000c3a473d0}> (0x00000000c3a473d0) 
thrown [s\src\hotspot\share\prims\jni.cpp, line 516]
Event: 5.743 Thread 0x0000015991e31350 Exception <a 'sun/nio/fs/WindowsException'{0x00000000c3a47d10}> (0x00000000c3a47d10) 
thrown [s\src\hotspot\share\prims\jni.cpp, line 516]
Event: 5.743 Thread 0x0000015991e31350 Exception <a 'sun/nio/fs/WindowsException'{0x00000000c3a48738}> (0x00000000c3a48738) 
thrown [s\src\hotspot\share\prims\jni.cpp, line 516]
Event: 5.744 Thread 0x0000015991e31350 Exception <a 'sun/nio/fs/WindowsException'{0x00000000c3a491d0}> (0x00000000c3a491d0) 
thrown [s\src\hotspot\share\prims\jni.cpp, line 516]
Event: 5.754 Thread 0x0000015991e31350 Exception <a 'sun/nio/fs/WindowsException'{0x00000000c3abcd28}> (0x00000000c3abcd28) 
thrown [s\src\hotspot\share\prims\jni.cpp, line 516]
Event: 43.975 Thread 0x0000015991da9630 Exception <a 'java/lang/NoSuchMethodError'{0x00000000c4802c90}: 'void java.lang.invoke.DirectMethodHandle$Holder.invokeStatic(java.lang.Object, long)'> (0x00000000c4802c90) 
thrown [s\src\hotspot\share\interpreter\linkResolver.cpp, line 759]
Event: 43.976 Thread 0x0000015991da9630 Exception <a 'java/lang/NoSuchMethodError'{0x00000000c4808038}: 'java.lang.Object java.lang.invoke.DirectMethodHandle$Holder.newInvokeSpecial(java.lang.Object, long)'> (0x00000000c4808038) 
thrown [s\src\hotspot\share\interpreter\linkResolver.cpp, line 759]
Event: 306.115 Thread 0x0000015991e31860 Exception <a 'java/io/IOException'{0x00000000c7b90a90}> (0x00000000c7b90a90) 
thrown [s\src\hotspot\share\prims\jni.cpp, line 516]
Event: 306.328 Thread 0x0000015991e32790 Exception <a 'java/io/IOException'{0x00000000c7b9a5b0}> (0x00000000c7b9a5b0) 
thrown [s\src\hotspot\share\prims\jni.cpp, line 516]
Event: 307.216 Thread 0x0000015991e2efe0 Exception <a 'java/io/IOException'{0x00000000c7bace00}> (0x00000000c7bace00) 
thrown [s\src\hotspot\share\prims\jni.cpp, line 516]

VM Operations (20 events):
Event: 4461.452 Executing VM operation: G1CollectFull done
Event: 4471.718 Executing VM operation: G1CollectFull
Event: 4471.746 Executing VM operation: G1CollectFull done
Event: 4481.991 Executing VM operation: G1CollectFull
Event: 4482.020 Executing VM operation: G1CollectFull done
Event: 4492.297 Executing VM operation: G1CollectFull
Event: 4492.334 Executing VM operation: G1CollectFull done
Event: 4502.622 Executing VM operation: G1CollectFull
Event: 4502.657 Executing VM operation: G1CollectFull done
Event: 4513.143 Executing VM operation: G1CollectFull
Event: 4513.195 Executing VM operation: G1CollectFull done
Event: 4523.513 Executing VM operation: G1CollectFull
Event: 4523.547 Executing VM operation: G1CollectFull done
Event: 4533.975 Executing VM operation: G1CollectFull
Event: 4534.014 Executing VM operation: G1CollectFull done
Event: 4544.314 Executing VM operation: G1CollectFull
Event: 4544.349 Executing VM operation: G1CollectFull done
Event: 4554.651 Executing VM operation: G1CollectFull
Event: 4554.685 Executing VM operation: G1CollectFull done
Event: 4564.805 Executing VM operation: G1CollectFull

Events (20 events):
Event: 306.112 loading class sun/nio/ch/SocketOptionRegistry$LazyInitialization done
Event: 306.112 loading class sun/nio/ch/OptionKey
Event: 306.112 loading class sun/nio/ch/OptionKey done
Event: 306.112 loading class sun/nio/ch/ExtendedSocketOption
Event: 306.112 loading class sun/nio/ch/ExtendedSocketOption done
Event: 306.112 loading class sun/nio/ch/ExtendedSocketOption$1
Event: 306.112 loading class sun/nio/ch/ExtendedSocketOption$1 done
Event: 306.112 loading class sun/security/ssl/Alert
Event: 306.113 loading class sun/security/ssl/Alert done
Event: 306.113 loading class sun/security/ssl/Alert$AlertConsumer
Event: 306.113 loading class sun/security/ssl/Alert$AlertConsumer done
Event: 306.113 loading class sun/security/ssl/Alert$Level
Event: 306.113 loading class sun/security/ssl/Alert$Level done
Event: 306.115 loading class sun/net/ConnectionResetException
Event: 306.115 loading class sun/net/ConnectionResetException done
Event: 366.114 Thread 0x000001598ced9100 Thread exited: 0x000001598ced9100
Event: 366.329 Thread 0x000001598ceda540 Thread exited: 0x000001598ceda540
Event: 366.329 Thread 0x0000015991e32790 Thread exited: 0x0000015991e32790
Event: 367.230 Thread 0x0000015991e2efe0 Thread exited: 0x0000015991e2efe0
Event: 367.230 Thread 0x0000015991e31860 Thread exited: 0x0000015991e31860


Dynamic libraries:
0x00007ff698f00000 - 0x00007ff698f0e000 	c:\Users\Siva Gokul\.vscode\extensions\redhat.java-1.26.0-win32-x64\jre\17.0.9-win32-x86_64\bin\java.exe
0x00007ff8f89d0000 - 0x00007ff8f8be7000 	C:\WINDOWS\SYSTEM32\ntdll.dll
0x00007ff8f6720000 - 0x00007ff8f67e4000 	C:\WINDOWS\System32\KERNEL32.DLL
0x00007ff8f60b0000 - 0x00007ff8f6456000 	C:\WINDOWS\System32\KERNELBASE.dll
0x00007ff8f65d0000 - 0x00007ff8f66e1000 	C:\WINDOWS\System32\ucrtbase.dll
0x00007ff8d2860000 - 0x00007ff8d2877000 	c:\Users\Siva Gokul\.vscode\extensions\redhat.java-1.26.0-win32-x64\jre\17.0.9-win32-x86_64\bin\jli.dll
0x00007ff8f6930000 - 0x00007ff8f6ade000 	C:\WINDOWS\System32\USER32.dll
0x00007ff8f5d10000 - 0x00007ff8f5d36000 	C:\WINDOWS\System32\win32u.dll
0x00007ff8f7850000 - 0x00007ff8f7879000 	C:\WINDOWS\System32\GDI32.dll
0x00007ff8f5ed0000 - 0x00007ff8f5fe8000 	C:\WINDOWS\System32\gdi32full.dll
0x00007ff8f5db0000 - 0x00007ff8f5e4a000 	C:\WINDOWS\System32\msvcp_win.dll
0x00007ff8d2150000 - 0x00007ff8d216b000 	c:\Users\Siva Gokul\.vscode\extensions\redhat.java-1.26.0-win32-x64\jre\17.0.9-win32-x86_64\bin\VCRUNTIME140.dll
0x00007ff8eb4a0000 - 0x00007ff8eb733000 	C:\WINDOWS\WinSxS\amd64_microsoft.windows.common-controls_6595b64144ccf1df_6.0.22621.2506_none_270c5ae97388e100\COMCTL32.dll
0x00007ff8f7a80000 - 0x00007ff8f7b27000 	C:\WINDOWS\System32\msvcrt.dll
0x00007ff8f7500000 - 0x00007ff8f7531000 	C:\WINDOWS\System32\IMM32.DLL
0x00007ff8ee260000 - 0x00007ff8ee26c000 	c:\Users\Siva Gokul\.vscode\extensions\redhat.java-1.26.0-win32-x64\jre\17.0.9-win32-x86_64\bin\vcruntime140_1.dll
0x00007ff8cffe0000 - 0x00007ff8d006d000 	c:\Users\Siva Gokul\.vscode\extensions\redhat.java-1.26.0-win32-x64\jre\17.0.9-win32-x86_64\bin\msvcp140.dll
0x00007ff899ce0000 - 0x00007ff89a941000 	c:\Users\Siva Gokul\.vscode\extensions\redhat.java-1.26.0-win32-x64\jre\17.0.9-win32-x86_64\bin\server\jvm.dll
0x00007ff8f88b0000 - 0x00007ff8f8963000 	C:\WINDOWS\System32\ADVAPI32.dll
0x00007ff8f75d0000 - 0x00007ff8f7678000 	C:\WINDOWS\System32\sechost.dll
0x00007ff8f66f0000 - 0x00007ff8f6718000 	C:\WINDOWS\System32\bcrypt.dll
0x00007ff8f7690000 - 0x00007ff8f77a7000 	C:\WINDOWS\System32\RPCRT4.dll
0x00007ff8f4b80000 - 0x00007ff8f4bcd000 	C:\WINDOWS\SYSTEM32\POWRPROF.dll
0x00007ff8ee250000 - 0x00007ff8ee259000 	C:\WINDOWS\SYSTEM32\WSOCK32.dll
0x00007ff8f77b0000 - 0x00007ff8f7821000 	C:\WINDOWS\System32\WS2_32.dll
0x00007ff8ebd70000 - 0x00007ff8ebda4000 	C:\WINDOWS\SYSTEM32\WINMM.dll
0x00007ff8eb780000 - 0x00007ff8eb78a000 	C:\WINDOWS\SYSTEM32\VERSION.dll
0x00007ff8f4b50000 - 0x00007ff8f4b63000 	C:\WINDOWS\SYSTEM32\UMPDC.dll
0x00007ff8f4e20000 - 0x00007ff8f4e38000 	C:\WINDOWS\SYSTEM32\kernel.appcore.dll
0x00007ff8ee240000 - 0x00007ff8ee24a000 	c:\Users\Siva Gokul\.vscode\extensions\redhat.java-1.26.0-win32-x64\jre\17.0.9-win32-x86_64\bin\jimage.dll
0x00007ff8f3020000 - 0x00007ff8f3253000 	C:\WINDOWS\SYSTEM32\DBGHELP.DLL
0x00007ff8f8520000 - 0x00007ff8f88a9000 	C:\WINDOWS\System32\combase.dll
0x00007ff8f67f0000 - 0x00007ff8f68c7000 	C:\WINDOWS\System32\OLEAUT32.dll
0x00007ff8e97d0000 - 0x00007ff8e9802000 	C:\WINDOWS\SYSTEM32\dbgcore.DLL
0x00007ff8f5e50000 - 0x00007ff8f5eca000 	C:\WINDOWS\System32\bcryptPrimitives.dll
0x00007ff8cffb0000 - 0x00007ff8cffd5000 	c:\Users\Siva Gokul\.vscode\extensions\redhat.java-1.26.0-win32-x64\jre\17.0.9-win32-x86_64\bin\java.dll
0x00007ff8cff90000 - 0x00007ff8cffa8000 	c:\Users\Siva Gokul\.vscode\extensions\redhat.java-1.26.0-win32-x64\jre\17.0.9-win32-x86_64\bin\zip.dll
0x00007ff8f6ae0000 - 0x00007ff8f733b000 	C:\WINDOWS\System32\SHELL32.dll
0x00007ff8f3c30000 - 0x00007ff8f4526000 	C:\WINDOWS\SYSTEM32\windows.storage.dll
0x00007ff8f3af0000 - 0x00007ff8f3c2e000 	C:\WINDOWS\SYSTEM32\wintypes.dll
0x00007ff8f7cf0000 - 0x00007ff8f7de3000 	C:\WINDOWS\System32\SHCORE.dll
0x00007ff8f68d0000 - 0x00007ff8f692e000 	C:\WINDOWS\System32\shlwapi.dll
0x00007ff8f5c40000 - 0x00007ff8f5c66000 	C:\WINDOWS\SYSTEM32\profapi.dll
0x00007ff8cf940000 - 0x00007ff8cf959000 	C:\Users\Siva Gokul\.vscode\extensions\redhat.java-1.26.0-win32-x64\jre\17.0.9-win32-x86_64\bin\net.dll
0x00007ff8edb30000 - 0x00007ff8edc67000 	C:\WINDOWS\SYSTEM32\WINHTTP.dll
0x00007ff8f52a0000 - 0x00007ff8f5309000 	C:\WINDOWS\system32\mswsock.dll
0x00007ff8cf920000 - 0x00007ff8cf936000 	C:\Users\Siva Gokul\.vscode\extensions\redhat.java-1.26.0-win32-x64\jre\17.0.9-win32-x86_64\bin\nio.dll
0x00007ff8f5510000 - 0x00007ff8f552b000 	C:\WINDOWS\SYSTEM32\CRYPTSP.dll
0x00007ff8f4d80000 - 0x00007ff8f4db5000 	C:\WINDOWS\system32\rsaenh.dll
0x00007ff8f53b0000 - 0x00007ff8f53dc000 	C:\WINDOWS\SYSTEM32\USERENV.dll
0x00007ff8f5530000 - 0x00007ff8f553c000 	C:\WINDOWS\SYSTEM32\CRYPTBASE.dll
0x00007ff8f47f0000 - 0x00007ff8f481d000 	C:\WINDOWS\SYSTEM32\IPHLPAPI.DLL
0x00007ff8f7c60000 - 0x00007ff8f7c69000 	C:\WINDOWS\System32\NSI.dll
0x00007ff8ed610000 - 0x00007ff8ed629000 	C:\WINDOWS\SYSTEM32\dhcpcsvc6.DLL
0x00007ff8ed5e0000 - 0x00007ff8ed5ff000 	C:\WINDOWS\SYSTEM32\dhcpcsvc.DLL
0x00007ff8f4820000 - 0x00007ff8f4919000 	C:\WINDOWS\SYSTEM32\DNSAPI.dll
0x00007ff8e6890000 - 0x00007ff8e68a0000 	c:\Users\Siva Gokul\.vscode\extensions\redhat.java-1.26.0-win32-x64\jre\17.0.9-win32-x86_64\bin\verify.dll
0x00007ff8e6530000 - 0x00007ff8e6539000 	C:\Users\Siva Gokul\.vscode\extensions\redhat.java-1.26.0-win32-x64\jre\17.0.9-win32-x86_64\bin\management.dll
0x00007ff8e6440000 - 0x00007ff8e644b000 	C:\Users\Siva Gokul\.vscode\extensions\redhat.java-1.26.0-win32-x64\jre\17.0.9-win32-x86_64\bin\management_ext.dll
0x00007ff8f8970000 - 0x00007ff8f8978000 	C:\WINDOWS\System32\PSAPI.DLL
0x00007ff8dbf10000 - 0x00007ff8dbf1e000 	C:\Users\Siva Gokul\.vscode\extensions\redhat.java-1.26.0-win32-x64\jre\17.0.9-win32-x86_64\bin\sunmscapi.dll
0x00007ff8f6460000 - 0x00007ff8f65c6000 	C:\WINDOWS\System32\CRYPT32.dll
0x00007ff8f56b0000 - 0x00007ff8f56de000 	C:\WINDOWS\SYSTEM32\ncrypt.dll
0x00007ff8f5670000 - 0x00007ff8f56a7000 	C:\WINDOWS\SYSTEM32\NTASN1.dll
0x00007ff8ebfe0000 - 0x00007ff8ebfea000 	C:\Windows\System32\rasadhlp.dll
0x00007ff8ec2b0000 - 0x00007ff8ec333000 	C:\WINDOWS\System32\fwpuclnt.dll

dbghelp: loaded successfully - version: 4.0.5 - missing functions: none
symbol engine: initialized successfully - sym options: 0x614 - pdb path: .;c:\Users\Siva Gokul\.vscode\extensions\redhat.java-1.26.0-win32-x64\jre\17.0.9-win32-x86_64\bin;C:\WINDOWS\SYSTEM32;C:\WINDOWS\WinSxS\amd64_microsoft.windows.common-controls_6595b64144ccf1df_6.0.22621.2506_none_270c5ae97388e100;c:\Users\Siva Gokul\.vscode\extensions\redhat.java-1.26.0-win32-x64\jre\17.0.9-win32-x86_64\bin\server

VM Arguments:
jvm_args: -XX:+HeapDumpOnOutOfMemoryError -Xmx1024m -Dsts.lsp.client=vscode -Dsts.log.file=/dev/null -XX:TieredStopAtLevel=1 -Xlog:jni+resolve=off -Dspring.config.location=file:c:\Users\Siva Gokul\.vscode\extensions\vmware.vscode-spring-boot-1.51.0\language-server\BOOT-INF\classes\application.properties 
java_command: org.springframework.ide.vscode.boot.app.BootLanguageServerBootApp
java_class_path (initial): c:\Users\Siva Gokul\.vscode\extensions\vmware.vscode-spring-boot-1.51.0\language-server\BOOT-INF\classes;c:\Users\Siva Gokul\.vscode\extensions\vmware.vscode-spring-boot-1.51.0\language-server\BOOT-INF\lib\annotations-24.1.0.jar;c:\Users\Siva Gokul\.vscode\extensions\vmware.vscode-spring-boot-1.51.0\language-server\BOOT-INF\lib\antlr-runtime-3.5.3.jar;c:\Users\Siva Gokul\.vscode\extensions\vmware.vscode-spring-boot-1.51.0\language-server\BOOT-INF\lib\antlr4-4.11.1.jar;c:\Users\Siva Gokul\.vscode\extensions\vmware.vscode-spring-boot-1.51.0\language-server\BOOT-INF\lib\antlr4-runtime-4.11.1.jar;c:\Users\Siva Gokul\.vscode\extensions\vmware.vscode-spring-boot-1.51.0\language-server\BOOT-INF\lib\asm-9.6.jar;c:\Users\Siva Gokul\.vscode\extensions\vmware.vscode-spring-boot-1.51.0\language-server\BOOT-INF\lib\asm-analysis-9.6.jar;c:\Users\Siva Gokul\.vscode\extensions\vmware.vscode-spring-boot-1.51.0\language-server\BOOT-INF\lib\asm-tree-9.6.jar;c:\Users\Siva Gokul\.vscode\extensions\vmware.vscode-spring-boot-1.51.0\language-server\BOOT-INF\lib\asm-util-9.6.jar;c:\Users\Siva Gokul\.vscode\extensions\vmware.vscode-spring-boot-1.51.0\language-server\BOOT-INF\lib\bosh-language-server-1.51.0-SNAPSHOT.jar;c:\Users\Siva Gokul\.vscode\extensions\vmware.vscode-spring-boot-1.51.0\language-server\BOOT-INF\lib\caffeine-3.1.8.jar;c:\Users\Siva Gokul\.vscode\extensions\vmware.vscode-spring-boot-1.51.0\language-server\BOOT-INF\lib\checker-qual-3.12.0.jar;c:\Users\Siva Gokul\.vscode\extensions\vmware.vscode-spring-boot-1.51.0\language-server\BOOT-INF\lib\classgraph-4.8.149.jar;c:\Users\Siva Gokul\.vscode\extensions\vmware.vscode-spring-boot-1.51.0\language-server\BOOT-INF\lib\commons-codec-1.15.jar;c:\Users\Siva Gokul\.vscode\extensions\vmware.vscode-spring-boot-1.51.0\language-server\BOOT-INF\lib\commons-compress-1.25.0.jar;c:\Users\Siva Gokul\.vscode\extensions\vmware.vscode-spring-boot-1.51.0\language-server\BOOT-INF\lib\commons-io-2.4.jar;c:\Users\Siva Go
Launcher Type: SUN_STANDARD

[Global flags]
     intx CICompilerCount                          = 4                                         {product} {ergonomic}
     uint ConcGCThreads                            = 3                                         {product} {ergonomic}
     uint G1ConcRefinementThreads                  = 10                                        {product} {ergonomic}
   size_t G1HeapRegionSize                         = 1048576                                   {product} {ergonomic}
    uintx GCDrainStackTargetSize                   = 64                                        {product} {ergonomic}
     bool HeapDumpOnOutOfMemoryError               = true                                   {manageable} {command line}
   size_t InitialHeapSize                          = 130023424                                 {product} {ergonomic}
   size_t MarkStackSize                            = 4194304                                   {product} {ergonomic}
   size_t MaxHeapSize                              = 1073741824                                {product} {command line}
   size_t MaxNewSize                               = 643825664                                 {product} {ergonomic}
   size_t MinHeapDeltaBytes                        = 1048576                                   {product} {ergonomic}
   size_t MinHeapSize                              = 8388608                                   {product} {ergonomic}
    uintx NonProfiledCodeHeapSize                  = 0                                      {pd product} {ergonomic}
     bool ProfileInterpreter                       = false                                  {pd product} {command line}
    uintx ProfiledCodeHeapSize                     = 0                                      {pd product} {ergonomic}
   size_t SoftMaxHeapSize                          = 1073741824                             {manageable} {ergonomic}
     intx TieredStopAtLevel                        = 1                                         {product} {command line}
     bool UseCompressedClassPointers               = true                           {product lp64_product} {ergonomic}
     bool UseCompressedOops                        = true                           {product lp64_product} {ergonomic}
     bool UseG1GC                                  = true                                      {product} {ergonomic}
     bool UseLargePagesIndividualAllocation        = false                                  {pd product} {ergonomic}

Logging:
Log output configuration:
 #0: stdout all=warning,jni+resolve=off uptime,level,tags
 #1: stderr all=off uptime,level,tags

Environment Variables:
PATH=C:\Program Files\Common Files\Oracle\Java\javapath;C:\Windows\system32;C:\Windows;C:\Windows\System32\Wbem;C:\Windows\System32\WindowsPowerShell\v1.0\;C:\Windows\System32\OpenSSH\;C:\Program Files (x86)\NVIDIA Corporation\PhysX\Common;C:\Program Files\NVIDIA Corporation\NVIDIA NvDLISR;C:\WINDOWS\system32;C:\WINDOWS;C:\WINDOWS\System32\Wbem;C:\WINDOWS\System32\WindowsPowerShell\v1.0\;C:\WINDOWS\System32\OpenSSH\;C:\Program Files\nodejs\;C:\Program Files\Git\cmd;C:\Program Files\dotnet\;C:\Program Files\MySQL\MySQL Shell 8.0\bin\;C:\Users\Siva Gokul\AppData\Local\Microsoft\WindowsApps;C:\Users\Siva Gokul\AppData\Local\Programs\Microsoft VS Code\bin;C:\Users\Siva Gokul\AppData\Roaming\npm;D:\PCD LAB\GnuWin32\bin;D:\Dev-Cpp\MinGW64\bin;
USERNAME=Siva Gokul
OS=Windows_NT
PROCESSOR_IDENTIFIER=Intel64 Family 6 Model 141 Stepping 1, GenuineIntel
TMP=C:\Users\SIVAGO~1\AppData\Local\Temp
TEMP=C:\Users\SIVAGO~1\AppData\Local\Temp



Periodic native trim disabled


---------------  S Y S T E M  ---------------

OS:
 Windows 11 , 64 bit Build 22621 (10.0.22621.3085)
OS uptime: 2 days 19:41 hours
Hyper-V role detected

CPU: total 12 (initial active 12) (6 cores per cpu, 2 threads per core) family 6 model 141 stepping 1 microcode 0x34, cx8, cmov, fxsr, ht, mmx, 3dnowpref, sse, sse2, sse3, ssse3, sse4.1, sse4.2, popcnt, lzcnt, tsc, tscinvbit, avx, avx2, aes, erms, clmul, bmi1, bmi2, adx, avx512f, avx512dq, avx512cd, avx512bw, avx512vl, sha, fma, vzeroupper, avx512_vpopcntdq, avx512_vpclmulqdq, avx512_vaes, avx512_vnni, clflush, clflushopt, clwb, avx512_vbmi2, avx512_vbmi, hv
Processor Information for all 12 processors :
  Max Mhz: 2688, Current Mhz: 2688, Mhz Limit: 2688

Memory: 4k page, system-wide physical 7930M (471M free)
TotalPageFile size 32506M (AvailPageFile size 10M)
current process WorkingSet (physical memory assigned to process): 53M, peak: 207M
current process commit charge ("private bytes"): 249M, peak: 263M

vm_info: OpenJDK 64-Bit Server VM (17.0.9+9) for windows-amd64 JRE (17.0.9+9), built on Oct 26 2023 14:01:42 by "admin" with MS VC++ 16.10 / 16.11 (VS2019)

END.
